Building DAG of jobs...
Using shell: /usr/bin/bash
Provided cores: 1 (use --cores to define parallelism)
Rules claiming more threads will be scaled down.
Job stats:
job              count    min threads    max threads
-------------  -------  -------------  -------------
all                  1              1              1
produce_plots        1              1              1
total                2              1              1

Select jobs to execute...

[Sun Jan 14 00:27:36 2024]
rule produce_plots:
    input: clean/finaldata.csv
    output: visualisation/ggplot1.png, visualisation/ggplot2.png
    jobid: 1
    reason: Missing output files: visualisation/ggplot2.png, visualisation/ggplot1.png
    resources: tmpdir=/tmp

[Sun Jan 14 00:27:40 2024]
Finished job 1.
1 of 2 steps (50%) done
Select jobs to execute...

[Sun Jan 14 00:27:40 2024]
localrule all:
    input: visualisation/ggplot1.png, visualisation/ggplot2.png
    jobid: 0
    reason: Input files updated by another job: visualisation/ggplot2.png, visualisation/ggplot1.png
    resources: tmpdir=/tmp

[Sun Jan 14 00:27:40 2024]
Finished job 0.
2 of 2 steps (100%) done
Complete log: .snakemake/log/2024-01-14T002736.252426.snakemake.log
