Building DAG of jobs...
Using shell: /usr/bin/bash
Provided cores: 1 (use --cores to define parallelism)
Rules claiming more threads will be scaled down.
Job stats:
job              count    min threads    max threads
-------------  -------  -------------  -------------
all                  1              1              1
run_shiny_app        1              1              1
total                2              1              1

Select jobs to execute...

[Sun Jan 14 16:51:35 2024]
rule run_shiny_app:
    input: clean/finaldata.csv, code/app.R
    output: visualisation/shiny_app.log
    jobid: 3
    reason: Missing output files: visualisation/shiny_app.log
    resources: tmpdir=/tmp

Shutting down, this might take some time.
Exiting because a job execution failed. Look above for error message
Complete log: .snakemake/log/2024-01-14T165134.764096.snakemake.log
