Building DAG of jobs...
Using shell: /usr/bin/bash
Provided cores: 1 (use --cores to define parallelism)
Rules claiming more threads will be scaled down.
Job stats:
job           count    min threads    max threads
----------  -------  -------------  -------------
clean_data        1              1              1
total             1              1              1

Select jobs to execute...

[Sun Jan 14 00:08:58 2024]
localrule clean_data:
    input: raw/BMI.csv, raw/DEMO_D.csv, raw/FFQRAW_D.csv
    output: clean/finaldata.csv
    jobid: 0
    reason: Missing output files: clean/finaldata.csv
    resources: tmpdir=/tmp

Waiting at most 5 seconds for missing files.
MissingOutputException in rule clean_data  in line 6 of /home/AHDS_assessment2_2478688/Snakefile:
Job Missing files after 5 seconds. This might be due to filesystem latency. If that is the case, consider to increase the wait time with --latency-wait:
clean/finaldata.csv completed successfully, but some output files are missing. 0
Shutting down, this might take some time.
Exiting because a job execution failed. Look above for error message
Complete log: .snakemake/log/2024-01-14T000858.606982.snakemake.log
