Building DAG of jobs...
Using shell: /usr/bin/bash
Provided cores: 1 (use --cores to define parallelism)
Rules claiming more threads will be scaled down.
Job stats:
job           count    min threads    max threads
----------  -------  -------------  -------------
clean_data        1              1              1
total             1              1              1

Select jobs to execute...

[Sun Jan 14 00:20:50 2024]
rule clean_data:
    input: raw/BMI.csv, raw/DEMO_D.csv, raw/FFQRAW_D.csv
    output: clean/finaldata.csv
    jobid: 0
    reason: Missing output files: clean/finaldata.csv
    resources: tmpdir=/tmp

[Sun Jan 14 00:20:52 2024]
Finished job 0.
1 of 1 steps (100%) done
Complete log: .snakemake/log/2024-01-14T002050.030679.snakemake.log
